<?xml version="1.0" encoding="UTF-8"?>
<testsuite name="com.spacecraft.SpacecraftEventsApplicationTests" tests="1" skipped="0" failures="0" errors="0" timestamp="2024-08-13T18:18:39" hostname="LAPTOP-3EFEN648" time="1.362">
  <properties/>
  <testcase name="contextLoads()" classname="com.spacecraft.SpacecraftEventsApplicationTests" time="1.362"/>
  <system-out><![CDATA[14:18:35.611 [Test worker] INFO org.springframework.test.context.support.AnnotationConfigContextLoaderUtils -- Could not detect default configuration classes for test class [com.spacecraft.SpacecraftEventsApplicationTests]: SpacecraftEventsApplicationTests does not declare any static, non-private, non-final, nested classes annotated with @Configuration.
14:18:35.795 [Test worker] INFO org.springframework.boot.test.context.SpringBootTestContextBootstrapper -- Found @SpringBootConfiguration com.spacecraft.SpacecraftEventsApplication for test class com.spacecraft.SpacecraftEventsApplicationTests

  .   ____          _            __ _ _
 /\\ / ___'_ __ _ _(_)_ __  __ _ \ \ \ \
( ( )\___ | '_ | '_| | '_ \/ _` | \ \ \ \
 \\/  ___)| |_)| | | | | || (_| |  ) ) ) )
  '  |____| .__|_| |_|_| |_\__, | / / / /
 =========|_|==============|___/=/_/_/_/

?[32m :: Spring Boot :: ?[39m              ?[2m (v3.3.2)?[0;39m

?[2m2024-08-13T14:18:36.619-04:00?[0;39m ?[32m INFO?[0;39m ?[35m2036?[0;39m ?[2m---?[0;39m ?[2m[SpacecraftEvents] [    Test worker]?[0;39m ?[2m?[0;39m?[36mc.s.SpacecraftEventsApplicationTests    ?[0;39m ?[2m:?[0;39m Starting SpacecraftEventsApplicationTests using Java 17.0.10 with PID 2036 (started by imert in C:\Users\imert\IdeaProjects\SpacecraftEvents)
?[2m2024-08-13T14:18:36.621-04:00?[0;39m ?[32m INFO?[0;39m ?[35m2036?[0;39m ?[2m---?[0;39m ?[2m[SpacecraftEvents] [    Test worker]?[0;39m ?[2m?[0;39m?[36mc.s.SpacecraftEventsApplicationTests    ?[0;39m ?[2m:?[0;39m No active profile set, falling back to 1 default profile: "default"
EventDTO(occurrenceTime=2023-10-01T10:15:00, eventName=System Startup, id=E001, severity=Info, longitude=0.0, latitude=0.0)
EventDTO(occurrenceTime=2023-10-01T10:35:00, eventName=Navigation Calibration, id=E002, severity=Info, longitude=0.0, latitude=0.0)
EventDTO(occurrenceTime=2023-10-01T10:50:00, eventName=Warning Light On, id=E003, severity=Warning, longitude=0.0, latitude=0.0)
EventDTO(occurrenceTime=2023-10-01T11:05:00, eventName=Data Transmission Error, id=E004, severity=Error, longitude=0.0, latitude=0.0)
EventDTO(occurrenceTime=2023-10-01T11:25:00, eventName=System Restart, id=E005, severity=Info, longitude=0.0, latitude=0.0)
EventDTO(occurrenceTime=2023-10-01T11:45:00, eventName=Low Battery, id=E006, severity=Warning, longitude=0.0, latitude=0.0)
EventDTO(occurrenceTime=2023-10-01T12:05:00, eventName=Data Loss, id=E007, severity=Error, longitude=0.0, latitude=0.0)
EventDTO(occurrenceTime=2023-10-01T12:20:00, eventName=Critical System Failure, id=E008, severity=Error, longitude=0.0, latitude=0.0)
EventDTO(occurrenceTime=2023-10-01T12:45:00, eventName=System Reboot, id=E009, severity=Info, longitude=0.0, latitude=0.0)
EventDTO(occurrenceTime=2023-10-07T13:00:00, eventName=Sensor Malfunction, id=E010, severity=Error, longitude=0.0, latitude=0.0)
LongitudeDTO(timestamp=2023-10-01T10:00:00, position=-118.2437)
LongitudeDTO(timestamp=2023-10-01T10:10:00, position=-117.2437)
LongitudeDTO(timestamp=2023-10-01T10:20:00, position=-116.2437)
LongitudeDTO(timestamp=2023-10-01T10:30:00, position=-115.2437)
LongitudeDTO(timestamp=2023-10-01T10:40:00, position=-114.2437)
LongitudeDTO(timestamp=2023-10-01T10:50:00, position=-113.2437)
LongitudeDTO(timestamp=2023-10-01T11:00:00, position=-112.2437)
LongitudeDTO(timestamp=2023-10-01T11:10:00, position=-111.2437)
LongitudeDTO(timestamp=2023-10-01T11:20:00, position=-110.2437)
LongitudeDTO(timestamp=2023-10-01T11:30:00, position=-109.2437)
LongitudeDTO(timestamp=2023-10-01T11:40:00, position=-108.2437)
LongitudeDTO(timestamp=2023-10-01T11:50:00, position=-107.2437)
LongitudeDTO(timestamp=2023-10-01T12:00:00, position=-106.2437)
LongitudeDTO(timestamp=2023-10-01T12:10:00, position=-105.2437)
LongitudeDTO(timestamp=2023-10-01T12:20:00, position=-104.2437)
LongitudeDTO(timestamp=2023-10-01T12:30:00, position=-103.2437)
LongitudeDTO(timestamp=2023-10-01T12:40:00, position=-102.2437)
LongitudeDTO(timestamp=2023-10-01T12:50:00, position=-101.2437)
LongitudeDTO(timestamp=2023-10-01T13:00:00, position=-100.2437)
LongitudeDTO(timestamp=2023-10-01T13:10:00, position=-99.2437)
LongitudeDTO(timestamp=2023-10-01T13:15:00, position=-98.2437)
LongitudeDTO(timestamp=2023-10-01T13:25:00, position=-97.2437)
LongitudeDTO(timestamp=2023-10-01T13:35:00, position=-96.2437)
LongitudeDTO(timestamp=2023-10-01T13:45:00, position=-95.2437)
LongitudeDTO(timestamp=2023-10-01T13:55:00, position=-94.2437)
LongitudeDTO(timestamp=2023-10-01T14:05:00, position=-93.2437)
LongitudeDTO(timestamp=2023-10-01T14:15:00, position=-92.2437)
LongitudeDTO(timestamp=2023-10-01T14:25:00, position=-91.2437)
LongitudeDTO(timestamp=2023-10-01T14:35:00, position=-90.2437)
LongitudeDTO(timestamp=2023-10-01T14:45:00, position=-89.2437)
LongitudeDTO(timestamp=2023-10-01T14:55:00, position=-88.2437)
LongitudeDTO(timestamp=2023-10-01T15:00:00, position=-87.2437)
LongitudeDTO(timestamp=2023-10-01T15:10:00, position=-86.2437)
LongitudeDTO(timestamp=2023-10-01T15:20:00, position=-85.2437)
LongitudeDTO(timestamp=2023-10-01T15:30:00, position=-84.2437)
LongitudeDTO(timestamp=2023-10-01T15:40:00, position=-83.2437)
LongitudeDTO(timestamp=2023-10-01T15:50:00, position=-82.2437)
LongitudeDTO(timestamp=2023-10-01T16:10:00, position=-81.2437)
LongitudeDTO(timestamp=2023-10-01T16:20:00, position=-80.2437)
?[2m2024-08-13T14:18:39.411-04:00?[0;39m ?[32m INFO?[0;39m ?[35m2036?[0;39m ?[2m---?[0;39m ?[2m[SpacecraftEvents] [    Test worker]?[0;39m ?[2m?[0;39m?[36mc.s.SpacecraftEventsApplicationTests    ?[0;39m ?[2m:?[0;39m Started SpacecraftEventsApplicationTests in 3.25 seconds (process running for 5.328)
Hello World
]]></system-out>
  <system-err><![CDATA[]]></system-err>
</testsuite>
